2019-11-05 17:42:27.164 - DBeaver 6.0.5.201905192012 is starting
2019-11-05 17:42:27.165 - OS: Mac OS X 10.14.6 (x86_64)
2019-11-05 17:42:27.166 - Java version: 10.0.2 by Oracle Corporation (64bit)
2019-11-05 17:42:27.167 - Install path: '/Applications/DBeaver.app/Contents/Eclipse'
2019-11-05 17:42:27.167 - Instance path: 'file:/Users/jackhobhouse/.dbeaver4/'
2019-11-05 17:42:27.168 - Memory available 64Mb/1024Mb
2019-11-05 17:42:27.208 - Starting RMI server at 26860
2019-11-05 17:42:27.299 - Run workbench
2019-11-05 17:42:27.318 - > Start org.eclipse.e4.ui.workbench.swt [0.14.500.v20190214-0851]
2019-11-05 17:42:27.320 - > Start org.eclipse.e4.core.services [2.1.400.v20181215-2145]
2019-11-05 17:42:27.324 - > Start org.eclipse.e4.core.contexts [1.8.0.v20190214-1713]
2019-11-05 17:42:27.339 - > Start org.eclipse.e4.ui.services [1.3.400.v20190212-2214]
2019-11-05 17:42:27.391 - > Start org.eclipse.e4.ui.di [1.2.500.v20190214-1316]
2019-11-05 17:42:27.473 - > Start org.eclipse.emf.common [2.15.0.v20181220-0846]
2019-11-05 17:42:27.509 - > Start org.eclipse.emf.ecore [2.17.0.v20190116-0940]
2019-11-05 17:42:27.631 - > Start org.eclipse.emf.ecore.xmi [2.15.0.v20180706-1146]
2019-11-05 17:42:27.926 - > Start org.eclipse.core.filesystem [1.7.300.v20190218-2054]
2019-11-05 17:42:27.983 - > Start org.eclipse.core.resources [3.13.300.v20190218-2054]
2019-11-05 17:42:28.266 - > Start org.eclipse.e4.ui.workbench.addons.swt [1.3.400.v20190224-1542]
2019-11-05 17:42:28.285 - > Start org.eclipse.core.expressions [3.6.300.v20190218-1215]
2019-11-05 17:42:28.311 - > Start org.eclipse.e4.ui.workbench.renderers.swt [0.14.500.v20190220-1002]
2019-11-05 17:42:28.522 - > Start org.eclipse.e4.ui.bindings [0.12.400.v20190131-1604]
2019-11-05 17:42:28.612 - > Start org.eclipse.e4.core.di.extensions [0.15.300.v20190213-1308]
2019-11-05 17:42:29.280 - > Start org.eclipse.e4.ui.css.swt [0.13.400.v20190223-1254]
2019-11-05 17:42:30.088 - > Start org.eclipse.e4.ui.css.swt.theme [0.12.200.v20190212-2214]
2019-11-05 17:42:30.176 - > Start org.jkiss.dbeaver.ui [5.1.24.201905192012]
2019-11-05 17:42:30.816 - Initializing DBeaver 6.0.5
2019-11-05 17:42:30.819 - Host plugin: org.jkiss.dbeaver.core.application 6.0.5.201905192012
2019-11-05 17:42:30.821 - Initialize Core...
2019-11-05 17:42:30.829 - Can't find BC security provider. Use default JCE.
2019-11-05 17:42:30.831 - BouncyCastle not registered, using the default JCE provider
2019-11-05 17:42:30.836 - > Start org.jkiss.dbeaver.registry [1.0.3.201905192012]
2019-11-05 17:42:30.949 - > Start org.eclipse.team.core [3.8.500.v20190216-2155]
2019-11-05 17:42:30.975 - > Start org.jkiss.dbeaver.ui.navigator [1.0.9.201905192012]
2019-11-05 17:42:31.131 - Total database drivers: 72 (72)
2019-11-05 17:42:31.163 - > Start org.eclipse.equinox.security [1.3.100.v20190215-2139]
2019-11-05 17:42:31.197 - > Start org.eclipse.ui.net [1.3.300.v20180827-1041]
2019-11-05 17:42:31.199 - Proxy service 'org.eclipse.core.net.proxy.IProxyService' loaded
2019-11-05 17:42:31.201 - > Start org.eclipse.core.net [1.3.400.v20181030-1645]
2019-11-05 17:42:31.206 - Core initialized (385ms)
2019-11-05 17:42:31.208 - Configure workbench window
2019-11-05 17:42:31.224 - > Start org.eclipse.help [3.8.300.v20190216-1017]
2019-11-05 17:42:31.918 - Create actions
2019-11-05 17:42:31.920 - Disable Eclipse action set 'org.eclipse.ui.edit.text.actionSet.annotationNavigation'
2019-11-05 17:42:31.922 - Disable Eclipse action set 'org.eclipse.ui.WorkingSetActionSet'
2019-11-05 17:42:32.085 - > Start org.eclipse.ui.editors [3.11.400.v20190218-1547]
2019-11-05 17:42:32.091 - > Start org.eclipse.core.filebuffers [3.6.500.v20190218-1547]
2019-11-05 17:42:32.778 - > Start org.eclipse.ui.workbench.texteditor [3.11.300.v20190218-2126]
2019-11-05 17:42:32.795 - Initialize workbench window
2019-11-05 17:42:32.808 - Finish initialization
2019-11-05 17:42:32.859 - > Start org.jkiss.dbeaver.ui.editors.sql [1.0.9.201905192012]
2019-11-05 17:42:32.870 - > Start org.jkiss.dbeaver.ext.erd [2.0.111.201905192012]
2019-11-05 17:42:33.168 - > Start org.jkiss.dbeaver.ui.editors.base [1.0.9.201905192012]
2019-11-05 17:42:33.793 - > Start org.eclipse.compare.core [3.6.400.v20190214-2156]
2019-11-05 17:42:33.905 - > Start org.jkiss.dbeaver.ui.editors.data [1.0.9.201905192012]
2019-11-05 17:42:35.180 - > Start org.eclipse.equinox.p2.core [2.6.0.v20190215-2242]
2019-11-05 17:42:35.185 - > Start org.eclipse.equinox.p2.operations [2.5.300.v20190202-1801]
2019-11-05 17:42:35.193 - > Start org.eclipse.equinox.p2.engine [2.6.200.v20190215-2242]
2019-11-05 17:42:35.207 - > Start org.eclipse.equinox.p2.metadata [2.4.300.v20190215-2242]
2019-11-05 17:42:35.222 - > Start org.eclipse.equinox.p2.ui.sdk.scheduler [1.4.200.v20181102-0649]
2019-11-05 17:42:35.223 - > Start org.eclipse.equinox.p2.updatechecker [1.2.100.v20180827-1122]
2019-11-05 17:42:35.232 - > Start org.eclipse.equinox.p2.metadata.repository [1.3.100.v20180822-1302]
2019-11-05 17:42:35.233 - > Start org.eclipse.equinox.p2.repository [2.4.300.v20190215-2242]
2019-11-05 17:42:35.731 - > Start org.eclipse.equinox.p2.ui [2.5.500.v20190220-1158]
2019-11-05 17:42:36.246 - > Start org.jkiss.dbeaver.ext.sample.database [1.0.46.201905192012]
2019-11-05 17:42:36.249 - > Start org.jkiss.dbeaver.ext.ui.tipoftheday [1.0.15.201905192012]
2019-11-05 17:42:36.449 - Connect with 'PostgreSQL - dd0p5odnikr8ia' (postgres-jdbc-16b3165b59c-6a545b509f5a0c87)
2019-11-05 17:42:36.455 - > Start org.jkiss.dbeaver.ext.postgresql [2.1.82.201905192012]
2019-11-05 17:42:36.540 - Initiate connection to PostgreSQL database [dd0p5odnikr8ia@ec2-63-34-221-127.eu-west-1.compute.amazonaws.com] for Main
2019-11-05 17:42:37.113 - Initiate connection to PostgreSQL database [dd0p5odnikr8ia@ec2-63-34-221-127.eu-west-1.compute.amazonaws.com] for Metadata
2019-11-05 17:42:37.538 - Connected (postgres-jdbc-16b3165b59c-6a545b509f5a0c87, PostgreSQL JDBC Driver [42.2.5])
2019-11-05 17:42:38.171 - Open [https://dbeaver.io/product/version.xml]
Nov 05, 2019 5:43:58 PM org.apache.commons.jexl2.JexlEngine unknownVariable
WARNING: org.jkiss.dbeaver.model.impl.AbstractDescriptor.parseExpression@58![17,32]: '!object.view && !object.external;' inaccessible or unknown property object
2019-11-05 17:44:05.345 - > Start org.eclipse.gef [3.11.0.201606061308]
2019-11-05 17:45:00.906 - Can't disable text editor action activations
java.lang.NullPointerException
	at org.eclipse.ui.internal.handlers.LegacyHandlerService.registerLegacyHandler(LegacyHandlerService.java:167)
	at org.eclipse.ui.internal.handlers.LegacyHandlerService.registerLegacyHandler(LegacyHandlerService.java:161)
	at org.eclipse.ui.internal.handlers.LegacyHandlerService.activateHandler(LegacyHandlerService.java:313)
	at org.eclipse.ui.internal.handlers.LegacyHandlerService.activateHandler(LegacyHandlerService.java:306)
	at org.eclipse.ui.SubActionBars.setGlobalActionHandler(SubActionBars.java:568)
	at org.eclipse.ui.texteditor.BasicTextEditorActionContributor.doSetActiveEditor(BasicTextEditorActionContributor.java:221)
	at org.eclipse.ui.texteditor.BasicTextEditorActionContributor.setActiveEditor(BasicTextEditorActionContributor.java:256)
	at org.eclipse.ui.editors.text.TextEditorActionContributor.setActiveEditor(TextEditorActionContributor.java:141)
	at org.jkiss.dbeaver.ui.editors.sql.SQLEditorContributor.setActiveEditor(SQLEditorContributor.java:102)
	at org.eclipse.ui.texteditor.AbstractTextEditor.setActionActivation(AbstractTextEditor.java:5223)
	at java.base/jdk.internal.reflect.NativeMethodAccessorImpl.invoke0(Native Method)
	at java.base/jdk.internal.reflect.NativeMethodAccessorImpl.invoke(NativeMethodAccessorImpl.java:62)
	at java.base/jdk.internal.reflect.DelegatingMethodAccessorImpl.invoke(DelegatingMethodAccessorImpl.java:43)
	at java.base/java.lang.reflect.Method.invoke(Method.java:564)
	at org.jkiss.dbeaver.ui.editors.TextEditorUtils.enableHostEditorKeyBindings(TextEditorUtils.java:80)
	at org.jkiss.dbeaver.ui.editors.TextEditorUtils$1.focusLost(TextEditorUtils.java:109)
	at org.eclipse.swt.widgets.TypedListener.handleEvent(TypedListener.java:147)
	at org.eclipse.swt.widgets.EventTable.sendEvent(EventTable.java:89)
	at org.eclipse.swt.widgets.Display.sendEvent(Display.java:4363)
	at org.eclipse.swt.widgets.Widget.sendEvent(Widget.java:1512)
	at org.eclipse.swt.widgets.Widget.sendEvent(Widget.java:1535)
	at org.eclipse.swt.widgets.Widget.sendEvent(Widget.java:1516)
	at org.eclipse.swt.widgets.Control.sendFocusEvent(Control.java:3425)
	at org.eclipse.swt.widgets.Canvas.sendFocusEvent(Canvas.java:79)
	at org.eclipse.swt.widgets.Display.checkFocus(Display.java:680)
	at org.eclipse.swt.widgets.Shell.makeFirstResponder(Shell.java:1306)
	at org.eclipse.swt.widgets.Display.windowProc(Display.java:6240)
	at org.eclipse.swt.internal.cocoa.OS.objc_msgSend(Native Method)
	at org.eclipse.swt.internal.cocoa.NSView.setHidden(NSView.java:303)
	at org.eclipse.swt.widgets.Control.setVisible(Control.java:4425)
	at org.eclipse.swt.custom.CTabItem.setControl(CTabItem.java:301)
	at org.eclipse.e4.ui.workbench.renderers.swt.StackRenderer.hideChild(StackRenderer.java:987)
	at org.eclipse.e4.ui.internal.workbench.swt.PartRenderingEngine.safeRemoveGui(PartRenderingEngine.java:896)
	at org.eclipse.e4.ui.internal.workbench.swt.PartRenderingEngine.access$1(PartRenderingEngine.java:886)
	at org.eclipse.e4.ui.internal.workbench.swt.PartRenderingEngine$4.run(PartRenderingEngine.java:881)
	at org.eclipse.core.runtime.SafeRunner.run(SafeRunner.java:45)
	at org.eclipse.e4.ui.internal.workbench.swt.PartRenderingEngine.removeGui(PartRenderingEngine.java:865)
	at org.eclipse.e4.ui.internal.workbench.swt.PartRenderingEngine.safeRemoveGui(PartRenderingEngine.java:920)
	at org.eclipse.e4.ui.internal.workbench.swt.PartRenderingEngine.access$1(PartRenderingEngine.java:886)
	at org.eclipse.e4.ui.internal.workbench.swt.PartRenderingEngine$4.run(PartRenderingEngine.java:881)
	at org.eclipse.core.runtime.SafeRunner.run(SafeRunner.java:45)
	at org.eclipse.e4.ui.internal.workbench.swt.PartRenderingEngine.removeGui(PartRenderingEngine.java:865)
	at org.eclipse.e4.ui.internal.workbench.swt.PartRenderingEngine.safeRemoveGui(PartRenderingEngine.java:920)
	at org.eclipse.e4.ui.internal.workbench.swt.PartRenderingEngine.access$1(PartRenderingEngine.java:886)
	at org.eclipse.e4.ui.internal.workbench.swt.PartRenderingEngine$4.run(PartRenderingEngine.java:881)
	at org.eclipse.core.runtime.SafeRunner.run(SafeRunner.java:45)
	at org.eclipse.e4.ui.internal.workbench.swt.PartRenderingEngine.removeGui(PartRenderingEngine.java:865)
	at org.eclipse.e4.ui.workbench.renderers.swt.ElementReferenceRenderer.disposeWidget(ElementReferenceRenderer.java:115)
	at org.eclipse.e4.ui.internal.workbench.swt.PartRenderingEngine.safeRemoveGui(PartRenderingEngine.java:958)
	at org.eclipse.e4.ui.internal.workbench.swt.PartRenderingEngine.access$1(PartRenderingEngine.java:886)
	at org.eclipse.e4.ui.internal.workbench.swt.PartRenderingEngine$4.run(PartRenderingEngine.java:881)
	at org.eclipse.core.runtime.SafeRunner.run(SafeRunner.java:45)
	at org.eclipse.e4.ui.internal.workbench.swt.PartRenderingEngine.removeGui(PartRenderingEngine.java:865)
	at org.eclipse.e4.ui.internal.workbench.swt.PartRenderingEngine.safeRemoveGui(PartRenderingEngine.java:920)
	at org.eclipse.e4.ui.internal.workbench.swt.PartRenderingEngine.access$1(PartRenderingEngine.java:886)
	at org.eclipse.e4.ui.internal.workbench.swt.PartRenderingEngine$4.run(PartRenderingEngine.java:881)
	at org.eclipse.core.runtime.SafeRunner.run(SafeRunner.java:45)
	at org.eclipse.e4.ui.internal.workbench.swt.PartRenderingEngine.removeGui(PartRenderingEngine.java:865)
	at org.eclipse.e4.ui.internal.workbench.swt.PartRenderingEngine.safeRemoveGui(PartRenderingEngine.java:920)
	at org.eclipse.e4.ui.internal.workbench.swt.PartRenderingEngine.access$1(PartRenderingEngine.java:886)
	at org.eclipse.e4.ui.internal.workbench.swt.PartRenderingEngine$4.run(PartRenderingEngine.java:881)
	at org.eclipse.core.runtime.SafeRunner.run(SafeRunner.java:45)
	at org.eclipse.e4.ui.internal.workbench.swt.PartRenderingEngine.removeGui(PartRenderingEngine.java:865)
	at org.eclipse.e4.ui.internal.workbench.swt.PartRenderingEngine.safeRemoveGui(PartRenderingEngine.java:920)
	at org.eclipse.e4.ui.internal.workbench.swt.PartRenderingEngine.access$1(PartRenderingEngine.java:886)
	at org.eclipse.e4.ui.internal.workbench.swt.PartRenderingEngine$4.run(PartRenderingEngine.java:881)
	at org.eclipse.core.runtime.SafeRunner.run(SafeRunner.java:45)
	at org.eclipse.e4.ui.internal.workbench.swt.PartRenderingEngine.removeGui(PartRenderingEngine.java:865)
	at org.eclipse.e4.ui.internal.workbench.swt.PartRenderingEngine.safeRemoveGui(PartRenderingEngine.java:920)
	at org.eclipse.e4.ui.internal.workbench.swt.PartRenderingEngine.access$1(PartRenderingEngine.java:886)
	at org.eclipse.e4.ui.internal.workbench.swt.PartRenderingEngine$4.run(PartRenderingEngine.java:881)
	at org.eclipse.core.runtime.SafeRunner.run(SafeRunner.java:45)
	at org.eclipse.e4.ui.internal.workbench.swt.PartRenderingEngine.removeGui(PartRenderingEngine.java:865)
	at org.eclipse.e4.ui.internal.workbench.swt.PartRenderingEngine.safeRemoveGui(PartRenderingEngine.java:920)
	at org.eclipse.e4.ui.internal.workbench.swt.PartRenderingEngine.access$1(PartRenderingEngine.java:886)
	at org.eclipse.e4.ui.internal.workbench.swt.PartRenderingEngine$4.run(PartRenderingEngine.java:881)
	at org.eclipse.core.runtime.SafeRunner.run(SafeRunner.java:45)
	at org.eclipse.e4.ui.internal.workbench.swt.PartRenderingEngine.removeGui(PartRenderingEngine.java:865)
	at org.eclipse.e4.ui.internal.workbench.swt.PartRenderingEngine.safeRemoveGui(PartRenderingEngine.java:920)
	at org.eclipse.e4.ui.internal.workbench.swt.PartRenderingEngine.access$1(PartRenderingEngine.java:886)
	at org.eclipse.e4.ui.internal.workbench.swt.PartRenderingEngine$4.run(PartRenderingEngine.java:881)
	at org.eclipse.core.runtime.SafeRunner.run(SafeRunner.java:45)
	at org.eclipse.e4.ui.internal.workbench.swt.PartRenderingEngine.removeGui(PartRenderingEngine.java:865)
	at org.eclipse.e4.ui.internal.workbench.swt.PartRenderingEngine.safeRemoveGui(PartRenderingEngine.java:920)
	at org.eclipse.e4.ui.internal.workbench.swt.PartRenderingEngine.access$1(PartRenderingEngine.java:886)
	at org.eclipse.e4.ui.internal.workbench.swt.PartRenderingEngine$4.run(PartRenderingEngine.java:881)
	at org.eclipse.core.runtime.SafeRunner.run(SafeRunner.java:45)
	at org.eclipse.e4.ui.internal.workbench.swt.PartRenderingEngine.removeGui(PartRenderingEngine.java:865)
	at org.eclipse.ui.internal.WorkbenchWindow.hardClose(WorkbenchWindow.java:2025)
	at org.eclipse.ui.internal.WorkbenchWindow.busyClose(WorkbenchWindow.java:1645)
	at org.eclipse.ui.internal.WorkbenchWindow.lambda$2(WorkbenchWindow.java:1670)
	at org.eclipse.swt.custom.BusyIndicator.showWhile(BusyIndicator.java:72)
	at org.eclipse.ui.internal.WorkbenchWindow.close(WorkbenchWindow.java:1670)
	at org.eclipse.ui.internal.Workbench$10.run(Workbench.java:1148)
	at org.eclipse.core.runtime.SafeRunner.run(SafeRunner.java:45)
	at org.eclipse.ui.internal.Workbench.busyClose(Workbench.java:1131)
	at org.eclipse.ui.internal.Workbench.lambda$4(Workbench.java:1413)
	at org.eclipse.swt.custom.BusyIndicator.showWhile(BusyIndicator.java:72)
	at org.eclipse.ui.internal.Workbench.close(Workbench.java:1413)
	at org.eclipse.ui.internal.Workbench.close(Workbench.java:1386)
	at org.eclipse.ui.internal.Workbench.lambda$17(Workbench.java:2786)
	at org.eclipse.swt.widgets.EventTable.sendEvent(EventTable.java:89)
	at org.eclipse.swt.widgets.Display.sendEvent(Display.java:4363)
	at org.eclipse.swt.widgets.Display.sendEvent(Display.java:4352)
	at org.eclipse.swt.widgets.Display.close(Display.java:815)
	at org.eclipse.ui.internal.handlers.QuitHandler.execute(QuitHandler.java:44)
	at org.eclipse.ui.internal.handlers.HandlerProxy.execute(HandlerProxy.java:294)
	at org.eclipse.ui.internal.handlers.E4HandlerProxy.execute(E4HandlerProxy.java:96)
	at java.base/jdk.internal.reflect.NativeMethodAccessorImpl.invoke0(Native Method)
	at java.base/jdk.internal.reflect.NativeMethodAccessorImpl.invoke(NativeMethodAccessorImpl.java:62)
	at java.base/jdk.internal.reflect.DelegatingMethodAccessorImpl.invoke(DelegatingMethodAccessorImpl.java:43)
	at java.base/java.lang.reflect.Method.invoke(Method.java:564)
	at org.eclipse.e4.core.internal.di.MethodRequestor.execute(MethodRequestor.java:58)
	at org.eclipse.e4.core.internal.di.InjectorImpl.invokeUsingClass(InjectorImpl.java:320)
	at org.eclipse.e4.core.internal.di.InjectorImpl.invoke(InjectorImpl.java:254)
	at org.eclipse.e4.core.contexts.ContextInjectionFactory.invoke(ContextInjectionFactory.java:173)
	at org.eclipse.e4.core.commands.internal.HandlerServiceHandler.execute(HandlerServiceHandler.java:156)
	at org.eclipse.core.commands.Command.executeWithChecks(Command.java:497)
	at org.eclipse.core.commands.ParameterizedCommand.executeWithChecks(ParameterizedCommand.java:490)
	at org.eclipse.e4.core.commands.internal.HandlerServiceImpl.executeHandler(HandlerServiceImpl.java:213)
	at org.eclipse.e4.core.commands.internal.HandlerServiceImpl.executeHandler(HandlerServiceImpl.java:195)
	at org.eclipse.e4.ui.workbench.renderers.swt.cocoa.CocoaUIHandler.runCommand(CocoaUIHandler.java:651)
	at org.eclipse.e4.ui.workbench.renderers.swt.cocoa.CocoaUIHandler.access$5(CocoaUIHandler.java:637)
	at org.eclipse.e4.ui.workbench.renderers.swt.cocoa.CocoaUIHandler$3.widgetSelected(CocoaUIHandler.java:509)
	at org.eclipse.swt.widgets.TypedListener.handleEvent(TypedListener.java:252)
	at org.eclipse.swt.widgets.EventTable.sendEvent(EventTable.java:89)
	at org.eclipse.swt.widgets.Display.sendEvent(Display.java:4363)
	at org.eclipse.swt.widgets.Widget.sendEvent(Widget.java:1512)
	at org.eclipse.swt.widgets.Widget.sendEvent(Widget.java:1535)
	at org.eclipse.swt.widgets.Widget.sendSelectionEvent(Widget.java:1585)
	at org.eclipse.swt.widgets.MenuItem.sendSelection(MenuItem.java:595)
	at org.eclipse.swt.widgets.Display.windowProc(Display.java:5800)
	at org.eclipse.swt.internal.cocoa.OS.objc_msgSendSuper(Native Method)
	at org.eclipse.swt.widgets.Display.applicationSendEvent(Display.java:5396)
	at org.eclipse.swt.widgets.Display.applicationProc(Display.java:5553)
	at org.eclipse.swt.internal.cocoa.OS.objc_msgSend(Native Method)
	at org.eclipse.swt.internal.cocoa.NSApplication.sendEvent(NSApplication.java:131)
	at org.eclipse.swt.widgets.Display.readAndDispatch(Display.java:3764)
	at org.eclipse.e4.ui.internal.workbench.swt.PartRenderingEngine$5.run(PartRenderingEngine.java:1173)
	at org.eclipse.core.databinding.observable.Realm.runWithDefault(Realm.java:338)
	at org.eclipse.e4.ui.internal.workbench.swt.PartRenderingEngine.run(PartRenderingEngine.java:1062)
	at org.eclipse.e4.ui.internal.workbench.E4Workbench.createAndRunUI(E4Workbench.java:155)
	at org.eclipse.ui.internal.Workbench.lambda$3(Workbench.java:644)
	at org.eclipse.core.databinding.observable.Realm.runWithDefault(Realm.java:338)
	at org.eclipse.ui.internal.Workbench.createAndRunWorkbench(Workbench.java:566)
	at org.eclipse.ui.PlatformUI.createAndRunWorkbench(PlatformUI.java:150)
	at org.jkiss.dbeaver.core.application.DBeaverApplication.start(DBeaverApplication.java:201)
	at org.eclipse.equinox.internal.app.EclipseAppHandle.run(EclipseAppHandle.java:203)
	at org.eclipse.core.runtime.internal.adaptor.EclipseAppLauncher.runApplication(EclipseAppLauncher.java:137)
	at org.eclipse.core.runtime.internal.adaptor.EclipseAppLauncher.start(EclipseAppLauncher.java:107)
	at org.eclipse.core.runtime.adaptor.EclipseStarter.run(EclipseStarter.java:400)
	at org.eclipse.core.runtime.adaptor.EclipseStarter.run(EclipseStarter.java:255)
	at java.base/jdk.internal.reflect.NativeMethodAccessorImpl.invoke0(Native Method)
	at java.base/jdk.internal.reflect.NativeMethodAccessorImpl.invoke(NativeMethodAccessorImpl.java:62)
	at java.base/jdk.internal.reflect.DelegatingMethodAccessorImpl.invoke(DelegatingMethodAccessorImpl.java:43)
	at java.base/java.lang.reflect.Method.invoke(Method.java:564)
	at org.eclipse.equinox.launcher.Main.invokeFramework(Main.java:661)
	at org.eclipse.equinox.launcher.Main.basicRun(Main.java:597)
	at org.eclipse.equinox.launcher.Main.run(Main.java:1476)
2019-11-05 17:45:01.343 - DBeaver is stopping
2019-11-05 17:45:01.344 - Stop RMI server
